[0m00:48:12.374613 [debug] [MainThread]: Sending event: {'category': 'dbt', 'action': 'invocation', 'label': 'start', 'context': [<snowplow_tracker.self_describing_json.SelfDescribingJson object at 0x0000028F94098AD0>, <snowplow_tracker.self_describing_json.SelfDescribingJson object at 0x0000028F951E7ED0>, <snowplow_tracker.self_describing_json.SelfDescribingJson object at 0x0000028F951E7B10>]}


============================== 00:48:12.380921 | 1271087b-9b79-4d99-af57-9a4055c969e4 ==============================
[0m00:48:12.380921 [info ] [MainThread]: Running with dbt=1.11.2
[0m00:48:12.381946 [debug] [MainThread]: running dbt with arguments {'version_check': 'True', 'no_print': 'None', 'static_parser': 'True', 'target_path': 'None', 'warn_error_options': 'WarnErrorOptionsV2(error=[], warn=[], silence=[])', 'printer_width': '80', 'write_json': 'True', 'empty': 'None', 'log_cache_events': 'False', 'introspect': 'True', 'cache_selected_only': 'False', 'fail_fast': 'False', 'debug': 'False', 'log_format': 'default', 'partial_parse': 'True', 'send_anonymous_usage_stats': 'True', 'quiet': 'False', 'warn_error': 'None', 'profiles_dir': 'C:\\Users\\dam91\\.dbt', 'use_colors': 'True', 'invocation_command': 'dbt init my_crypto_dbt', 'indirect_selection': 'eager', 'use_experimental_parser': 'False', 'log_path': 'logs'}
[0m00:48:12.408987 [info ] [MainThread]: Creating dbt configuration folder at C:\Users\dam91\.dbt
[0m00:48:12.413450 [debug] [MainThread]: Starter project path: C:\Users\dam91\Data_Projects\crypto_pipeline\venv\Lib\site-packages\dbt\include\starter_project
[0m00:48:12.458411 [info ] [MainThread]: 
Your new dbt project "my_crypto_dbt" was created!

For more information on how to configure the profiles.yml file,
please consult the dbt documentation here:

  https://docs.getdbt.com/docs/configure-your-profile

One more thing:

Need help? Don't hesitate to reach out to us via GitHub issues or on Slack:

  https://community.getdbt.com/

Happy modeling!

[0m00:48:12.459320 [info ] [MainThread]: Setting up your profile.
[0m00:48:49.767352 [info ] [MainThread]: Profile my_crypto_dbt written to C:\Users\dam91\.dbt\profiles.yml using target's sample configuration. Once updated, you'll be able to start developing with dbt.
[0m00:48:49.770038 [debug] [MainThread]: Command `dbt init` succeeded at 00:48:49.769705 after 37.73 seconds
[0m00:48:49.770959 [debug] [MainThread]: Sending event: {'category': 'dbt', 'action': 'invocation', 'label': 'end', 'context': [<snowplow_tracker.self_describing_json.SelfDescribingJson object at 0x0000028F9624E520>, <snowplow_tracker.self_describing_json.SelfDescribingJson object at 0x0000028F94AFD910>, <snowplow_tracker.self_describing_json.SelfDescribingJson object at 0x0000028F9623EF10>]}
[0m00:48:49.771687 [debug] [MainThread]: Flushing usage events
[0m00:48:50.934826 [debug] [MainThread]: An error was encountered while trying to flush usage events
[0m21:41:43.436432 [debug] [MainThread]: Sending event: {'category': 'dbt', 'action': 'invocation', 'label': 'start', 'context': [<snowplow_tracker.self_describing_json.SelfDescribingJson object at 0x0000024E46C4CAD0>, <snowplow_tracker.self_describing_json.SelfDescribingJson object at 0x0000024E47D7BED0>, <snowplow_tracker.self_describing_json.SelfDescribingJson object at 0x0000024E47D7BB10>]}


============================== 21:41:43.443269 | a427cbd5-6583-4326-866d-933041450100 ==============================
[0m21:41:43.443269 [info ] [MainThread]: Running with dbt=1.11.2
[0m21:41:43.444074 [debug] [MainThread]: running dbt with arguments {'static_parser': 'True', 'no_print': 'None', 'version_check': 'True', 'warn_error_options': 'WarnErrorOptionsV2(error=[], warn=[], silence=[])', 'target_path': 'None', 'printer_width': '80', 'write_json': 'True', 'introspect': 'True', 'log_cache_events': 'False', 'empty': 'False', 'cache_selected_only': 'False', 'log_format': 'default', 'debug': 'False', 'fail_fast': 'False', 'profiles_dir': 'C:\\Users\\dam91\\.dbt', 'send_anonymous_usage_stats': 'True', 'quiet': 'False', 'warn_error': 'None', 'partial_parse': 'True', 'indirect_selection': 'eager', 'use_colors': 'True', 'invocation_command': 'dbt run', 'use_experimental_parser': 'False', 'log_path': 'logs'}
[0m21:41:43.444610 [error] [MainThread]: Encountered an error:
Runtime Error
  No dbt_project.yml found at expected path C:\Users\dam91\Data_Projects\crypto_pipeline\dbt_project.yml
  Verify that each entry within packages.yml (and their transitive dependencies) contains a file named dbt_project.yml
  
[0m21:41:43.445415 [debug] [MainThread]: Command `dbt run` failed at 21:41:43.445308 after 0.28 seconds
[0m21:41:43.445736 [debug] [MainThread]: Sending event: {'category': 'dbt', 'action': 'invocation', 'label': 'end', 'context': [<snowplow_tracker.self_describing_json.SelfDescribingJson object at 0x0000024E47D7E520>, <snowplow_tracker.self_describing_json.SelfDescribingJson object at 0x0000024E47DB1490>, <snowplow_tracker.self_describing_json.SelfDescribingJson object at 0x0000024E47BE7350>]}
[0m21:41:43.446048 [debug] [MainThread]: Flushing usage events
[0m21:41:44.439209 [debug] [MainThread]: An error was encountered while trying to flush usage events
[0m23:11:23.908411 [debug] [MainThread]: Sending event: {'category': 'dbt', 'action': 'invocation', 'label': 'start', 'context': [<snowplow_tracker.self_describing_json.SelfDescribingJson object at 0x000002E02D22CAD0>, <snowplow_tracker.self_describing_json.SelfDescribingJson object at 0x000002E02E357ED0>, <snowplow_tracker.self_describing_json.SelfDescribingJson object at 0x000002E02E357B10>]}


============================== 23:11:23.915579 | e6cd1b6b-9fc5-4b30-8c63-53e57f903e16 ==============================
[0m23:11:23.915579 [info ] [MainThread]: Running with dbt=1.11.2
[0m23:11:23.916397 [debug] [MainThread]: running dbt with arguments {'static_parser': 'True', 'no_print': 'None', 'version_check': 'True', 'target_path': 'None', 'warn_error_options': 'WarnErrorOptionsV2(error=[], warn=[], silence=[])', 'printer_width': '80', 'write_json': 'True', 'introspect': 'True', 'log_cache_events': 'False', 'empty': 'False', 'cache_selected_only': 'False', 'fail_fast': 'False', 'debug': 'False', 'log_format': 'default', 'partial_parse': 'True', 'send_anonymous_usage_stats': 'True', 'quiet': 'False', 'warn_error': 'None', 'profiles_dir': 'C:\\Users\\dam91\\.dbt', 'indirect_selection': 'eager', 'invocation_command': 'dbt run', 'use_colors': 'True', 'use_experimental_parser': 'False', 'log_path': 'logs'}
[0m23:11:23.916924 [error] [MainThread]: Encountered an error:
Runtime Error
  No dbt_project.yml found at expected path C:\Users\dam91\Data_Projects\crypto_pipeline\dbt_project.yml
  Verify that each entry within packages.yml (and their transitive dependencies) contains a file named dbt_project.yml
  
[0m23:11:23.918508 [debug] [MainThread]: Command `dbt run` failed at 23:11:23.918369 after 0.23 seconds
[0m23:11:23.918876 [debug] [MainThread]: Sending event: {'category': 'dbt', 'action': 'invocation', 'label': 'end', 'context': [<snowplow_tracker.self_describing_json.SelfDescribingJson object at 0x000002E02E35E520>, <snowplow_tracker.self_describing_json.SelfDescribingJson object at 0x000002E02E391490>, <snowplow_tracker.self_describing_json.SelfDescribingJson object at 0x000002E02E1C7350>]}
[0m23:11:23.919261 [debug] [MainThread]: Flushing usage events
[0m23:11:25.130194 [debug] [MainThread]: An error was encountered while trying to flush usage events
[0m17:45:32.233852 [debug] [MainThread]: Sending event: {'category': 'dbt', 'action': 'invocation', 'label': 'start', 'context': [<snowplow_tracker.self_describing_json.SelfDescribingJson object at 0x000001D9E9C7CAD0>, <snowplow_tracker.self_describing_json.SelfDescribingJson object at 0x000001D9EADABED0>, <snowplow_tracker.self_describing_json.SelfDescribingJson object at 0x000001D9EADABB10>]}


============================== 17:45:32.241020 | e18cd612-c7d9-4aff-9dc9-4e5f7669758c ==============================
[0m17:45:32.241020 [info ] [MainThread]: Running with dbt=1.11.2
[0m17:45:32.241960 [debug] [MainThread]: running dbt with arguments {'static_parser': 'True', 'no_print': 'None', 'version_check': 'True', 'warn_error_options': 'WarnErrorOptionsV2(error=[], warn=[], silence=[])', 'target_path': 'None', 'printer_width': '80', 'write_json': 'True', 'introspect': 'True', 'log_cache_events': 'False', 'empty': 'False', 'cache_selected_only': 'False', 'fail_fast': 'False', 'debug': 'False', 'log_format': 'default', 'profiles_dir': 'C:\\Users\\dam91\\.dbt', 'send_anonymous_usage_stats': 'True', 'quiet': 'False', 'warn_error': 'None', 'partial_parse': 'True', 'use_colors': 'True', 'indirect_selection': 'eager', 'invocation_command': 'dbt run', 'use_experimental_parser': 'False', 'log_path': 'logs'}
[0m17:45:32.242489 [error] [MainThread]: Encountered an error:
Runtime Error
  No dbt_project.yml found at expected path C:\Users\dam91\Data_Projects\crypto_pipeline\dbt_project.yml
  Verify that each entry within packages.yml (and their transitive dependencies) contains a file named dbt_project.yml
  
[0m17:45:32.243606 [debug] [MainThread]: Command `dbt run` failed at 17:45:32.243466 after 0.28 seconds
[0m17:45:32.243987 [debug] [MainThread]: Sending event: {'category': 'dbt', 'action': 'invocation', 'label': 'end', 'context': [<snowplow_tracker.self_describing_json.SelfDescribingJson object at 0x000001D9EADAE520>, <snowplow_tracker.self_describing_json.SelfDescribingJson object at 0x000001D9EADE5490>, <snowplow_tracker.self_describing_json.SelfDescribingJson object at 0x000001D9EAC17350>]}
[0m17:45:32.244367 [debug] [MainThread]: Flushing usage events
[0m17:45:33.095154 [debug] [MainThread]: An error was encountered while trying to flush usage events
